# JRE version: Java(TM) SE Runtime Environment (8.0_111-b14) (build 1.8.0_111-b14)
# Java VM: Java HotSpot(TM) 64-Bit Server VM (25.111-b14 mixed mode windows-amd64 compressed oops)
Heap:
 PSYoungGen      total 877568K, used 32K [0x000000076c000000, 0x00000007a4680000, 0x00000007c0000000)
  eden space 873472K, 0% used [0x000000076c000000,0x000000076c000000,0x00000007a1500000)
  from space 4096K, 0% used [0x00000007a1880000,0x00000007a1888000,0x00000007a1c80000)
  to   space 3584K, 0% used [0x00000007a1500000,0x00000007a1500000,0x00000007a1880000)
 ParOldGen       total 2752512K, used 1540619K [0x00000006c4000000, 0x000000076c000000, 0x000000076c000000)
  object space 2752512K, 55% used [0x00000006c4000000,0x0000000722082ec0,0x000000076c000000)
 Metaspace       used 2657K, capacity 4564K, committed 4864K, reserved 1056768K
  class space    used 295K, capacity 388K, committed 512K, reserved 1048576K
GC Heap History (10 events):
Event: 30.486 GC heap after
Heap after GC invocations=20 (full 6):
 PSYoungGen      total 653824K, used 0K [0x000000076c000000, 0x0000000796c00000, 0x00000007c0000000)
  eden space 648704K, 0% used [0x000000076c000000,0x000000076c000000,0x0000000793980000)
  from space 5120K, 0% used [0x0000000793e00000,0x0000000793e00000,0x0000000794300000)
  to   space 4608K, 0% used [0x0000000793980000,0x0000000793980000,0x0000000793e00000)
 ParOldGen       total 2266112K, used 1540619K [0x00000006c4000000, 0x000000074e500000, 0x000000076c000000)
  object space 2266112K, 67% used [0x00000006c4000000,0x0000000722082ec0,0x000000074e500000)
 Metaspace       used 2657K, capacity 4564K, committed 4864K, reserved 1056768K
  class space    used 295K, capacity 388K, committed 512K, reserved 1048576K
}
Event: 30.962 GC heap before
{Heap before GC invocations=21 (full 6):
 PSYoungGen      total 653824K, used 648704K [0x000000076c000000, 0x0000000796c00000, 0x00000007c0000000)
  eden space 648704K, 100% used [0x000000076c000000,0x0000000793980000,0x0000000793980000)
  from space 5120K, 0% used [0x0000000793e00000,0x0000000793e00000,0x0000000794300000)
  to   space 4608K, 0% used [0x0000000793980000,0x0000000793980000,0x0000000793e00000)
 ParOldGen       total 2266112K, used 1540619K [0x00000006c4000000, 0x000000074e500000, 0x000000076c000000)
  object space 2266112K, 67% used [0x00000006c4000000,0x0000000722082ec0,0x000000074e500000)
 Metaspace       used 2657K, capacity 4564K, committed 4864K, reserved 1056768K
  class space    used 295K, capacity 388K, committed 512K, reserved 1048576K
Event: 31.328 GC heap after
Heap after GC invocations=21 (full 6):
 PSYoungGen      total 653312K, used 0K [0x000000076c000000, 0x000000079a500000, 0x00000007c0000000)
  eden space 648704K, 0% used [0x000000076c000000,0x000000076c000000,0x0000000793980000)
  from space 4608K, 0% used [0x0000000793980000,0x0000000793980000,0x0000000793e00000)
  to   space 4608K, 0% used [0x000000079a080000,0x000000079a080000,0x000000079a500000)
 ParOldGen       total 2266112K, used 1540619K [0x00000006c4000000, 0x000000074e500000, 0x000000076c000000)
  object space 2266112K, 67% used [0x00000006c4000000,0x0000000722082ec0,0x000000074e500000)
 Metaspace       used 2657K, capacity 4564K, committed 4864K, reserved 1056768K
  class space    used 295K, capacity 388K, committed 512K, reserved 1048576K
}
Event: 31.791 GC heap before
{Heap before GC invocations=22 (full 6):
 PSYoungGen      total 653312K, used 648704K [0x000000076c000000, 0x000000079a500000, 0x00000007c0000000)
  eden space 648704K, 100% used [0x000000076c000000,0x0000000793980000,0x0000000793980000)
  from space 4608K, 0% used [0x0000000793980000,0x0000000793980000,0x0000000793e00000)
  to   space 4608K, 0% used [0x000000079a080000,0x000000079a080000,0x000000079a500000)
 ParOldGen       total 2266112K, used 1540619K [0x00000006c4000000, 0x000000074e500000, 0x000000076c000000)
  object space 2266112K, 67% used [0x00000006c4000000,0x0000000722082ec0,0x000000074e500000)
 Metaspace       used 2657K, capacity 4564K, committed 4864K, reserved 1056768K
  class space    used 295K, capacity 388K, committed 512K, reserved 1048576K
Event: 32.154 GC heap after
Heap after GC invocations=22 (full 6):
 PSYoungGen      total 754688K, used 0K [0x000000076c000000, 0x000000079b200000, 0x00000007c0000000)
  eden space 750080K, 0% used [0x000000076c000000,0x000000076c000000,0x0000000799c80000)
  from space 4608K, 0% used [0x000000079a080000,0x000000079a080000,0x000000079a500000)
  to   space 4096K, 0% used [0x0000000799c80000,0x0000000799c80000,0x000000079a080000)
 ParOldGen       total 2266112K, used 1540619K [0x00000006c4000000, 0x000000074e500000, 0x000000076c000000)
  object space 2266112K, 67% used [0x00000006c4000000,0x0000000722082ec0,0x000000074e500000)
 Metaspace       used 2657K, capacity 4564K, committed 4864K, reserved 1056768K
  class space    used 295K, capacity 388K, committed 512K, reserved 1048576K
}
Event: 32.278 GC heap before
{Heap before GC invocations=23 (full 6):
 PSYoungGen      total 754688K, used 179962K [0x000000076c000000, 0x000000079b200000, 0x00000007c0000000)
  eden space 750080K, 23% used [0x000000076c000000,0x0000000776fbea18,0x0000000799c80000)
  from space 4608K, 0% used [0x000000079a080000,0x000000079a080000,0x000000079a500000)
  to   space 4096K, 0% used [0x0000000799c80000,0x0000000799c80000,0x000000079a080000)
 ParOldGen       total 2752512K, used 1540619K [0x00000006c4000000, 0x000000076c000000, 0x000000076c000000)
  object space 2752512K, 55% used [0x00000006c4000000,0x0000000722082ec0,0x000000076c000000)
 Metaspace       used 2657K, capacity 4564K, committed 4864K, reserved 1056768K
  class space    used 295K, capacity 388K, committed 512K, reserved 1048576K
Event: 32.642 GC heap after
Heap after GC invocations=23 (full 6):
 PSYoungGen      total 754176K, used 32K [0x000000076c000000, 0x00000007a1c80000, 0x00000007c0000000)
  eden space 750080K, 0% used [0x000000076c000000,0x000000076c000000,0x0000000799c80000)
  from space 4096K, 0% used [0x0000000799c80000,0x0000000799c88000,0x000000079a080000)
  to   space 4096K, 0% used [0x00000007a1880000,0x00000007a1880000,0x00000007a1c80000)
 ParOldGen       total 2752512K, used 1540619K [0x00000006c4000000, 0x000000076c000000, 0x000000076c000000)
  object space 2752512K, 55% used [0x00000006c4000000,0x0000000722082ec0,0x000000076c000000)
 Metaspace       used 2657K, capacity 4564K, committed 4864K, reserved 1056768K
  class space    used 295K, capacity 388K, committed 512K, reserved 1048576K
}
Event: 32.642 GC heap before
{Heap before GC invocations=24 (full 6):
 PSYoungGen      total 754176K, used 32K [0x000000076c000000, 0x00000007a1c80000, 0x00000007c0000000)
  eden space 750080K, 0% used [0x000000076c000000,0x000000076c000000,0x0000000799c80000)
  from space 4096K, 0% used [0x0000000799c80000,0x0000000799c88000,0x000000079a080000)
  to   space 4096K, 0% used [0x00000007a1880000,0x00000007a1880000,0x00000007a1c80000)
 ParOldGen       total 2752512K, used 1540619K [0x00000006c4000000, 0x000000076c000000, 0x000000076c000000)
  object space 2752512K, 55% used [0x00000006c4000000,0x0000000722082ec0,0x000000076c000000)
 Metaspace       used 2657K, capacity 4564K, committed 4864K, reserved 1056768K
  class space    used 295K, capacity 388K, committed 512K, reserved 1048576K
Event: 33.009 GC heap after
Heap after GC invocations=24 (full 6):
 PSYoungGen      total 877568K, used 32K [0x000000076c000000, 0x00000007a4680000, 0x00000007c0000000)
  eden space 873472K, 0% used [0x000000076c000000,0x000000076c000000,0x00000007a1500000)
  from space 4096K, 0% used [0x00000007a1880000,0x00000007a1888000,0x00000007a1c80000)
  to   space 3584K, 0% used [0x00000007a1500000,0x00000007a1500000,0x00000007a1880000)
 ParOldGen       total 2752512K, used 1540619K [0x00000006c4000000, 0x000000076c000000, 0x000000076c000000)
  object space 2752512K, 55% used [0x00000006c4000000,0x0000000722082ec0,0x000000076c000000)
 Metaspace       used 2657K, capacity 4564K, committed 4864K, reserved 1056768K
  class space    used 295K, capacity 388K, committed 512K, reserved 1048576K
}
Event: 33.009 GC heap before
{Heap before GC invocations=25 (full 7):
 PSYoungGen      total 877568K, used 32K [0x000000076c000000, 0x00000007a4680000, 0x00000007c0000000)
  eden space 873472K, 0% used [0x000000076c000000,0x000000076c000000,0x00000007a1500000)
  from space 4096K, 0% used [0x00000007a1880000,0x00000007a1888000,0x00000007a1c80000)
  to   space 3584K, 0% used [0x00000007a1500000,0x00000007a1500000,0x00000007a1880000)
 ParOldGen       total 2752512K, used 1540619K [0x00000006c4000000, 0x000000076c000000, 0x000000076c000000)
  object space 2752512K, 55% used [0x00000006c4000000,0x0000000722082ec0,0x000000076c000000)
 Metaspace       used 2657K, capacity 4564K, committed 4864K, reserved 1056768K
  class space    used 295K, capacity 388K, committed 512K, reserved 1048576K

