# JRE version: Java(TM) SE Runtime Environment (8.0_111-b14) (build 1.8.0_111-b14)
# Java VM: Java HotSpot(TM) 64-Bit Server VM (25.111-b14 mixed mode windows-amd64 compressed oops)
Heap:
 PSYoungGen      total 1140736K, used 32K [0x000000076c000000, 0x00000007bff00000, 0x00000007c0000000)
  eden space 1137664K, 0% used [0x000000076c000000,0x000000076c000000,0x00000007b1700000)
  from space 3072K, 1% used [0x00000007b1700000,0x00000007b1708000,0x00000007b1a00000)
  to   space 2560K, 0% used [0x00000007bfc80000,0x00000007bfc80000,0x00000007bff00000)
 ParOldGen       total 2752512K, used 2310663K [0x00000006c4000000, 0x000000076c000000, 0x000000076c000000)
  object space 2752512K, 83% used [0x00000006c4000000,0x0000000751081cc8,0x000000076c000000)
 Metaspace       used 2657K, capacity 4564K, committed 4864K, reserved 1056768K
  class space    used 295K, capacity 388K, committed 512K, reserved 1048576K
GC Heap History (10 events):
Event: 134.906 GC heap after
Heap after GC invocations=26 (full 7):
 PSYoungGen      total 840192K, used 0K [0x000000076c000000, 0x00000007a7d80000, 0x00000007c0000000)
  eden space 836608K, 0% used [0x000000076c000000,0x000000076c000000,0x000000079f100000)
  from space 3584K, 0% used [0x000000079f100000,0x000000079f100000,0x000000079f480000)
  to   space 3584K, 0% used [0x00000007a7a00000,0x00000007a7a00000,0x00000007a7d80000)
 ParOldGen       total 2752512K, used 2310663K [0x00000006c4000000, 0x000000076c000000, 0x000000076c000000)
  object space 2752512K, 83% used [0x00000006c4000000,0x0000000751081cc8,0x000000076c000000)
 Metaspace       used 2657K, capacity 4564K, committed 4864K, reserved 1056768K
  class space    used 295K, capacity 388K, committed 512K, reserved 1048576K
}
Event: 135.516 GC heap before
{Heap before GC invocations=27 (full 7):
 PSYoungGen      total 840192K, used 836608K [0x000000076c000000, 0x00000007a7d80000, 0x00000007c0000000)
  eden space 836608K, 100% used [0x000000076c000000,0x000000079f100000,0x000000079f100000)
  from space 3584K, 0% used [0x000000079f100000,0x000000079f100000,0x000000079f480000)
  to   space 3584K, 0% used [0x00000007a7a00000,0x00000007a7a00000,0x00000007a7d80000)
 ParOldGen       total 2752512K, used 2310663K [0x00000006c4000000, 0x000000076c000000, 0x000000076c000000)
  object space 2752512K, 83% used [0x00000006c4000000,0x0000000751081cc8,0x000000076c000000)
 Metaspace       used 2657K, capacity 4564K, committed 4864K, reserved 1056768K
  class space    used 295K, capacity 388K, committed 512K, reserved 1048576K
Event: 136.060 GC heap after
Heap after GC invocations=27 (full 7):
 PSYoungGen      total 976896K, used 0K [0x000000076c000000, 0x00000007a8280000, 0x00000007c0000000)
  eden space 973312K, 0% used [0x000000076c000000,0x000000076c000000,0x00000007a7680000)
  from space 3584K, 0% used [0x00000007a7a00000,0x00000007a7a00000,0x00000007a7d80000)
  to   space 3584K, 0% used [0x00000007a7680000,0x00000007a7680000,0x00000007a7a00000)
 ParOldGen       total 2752512K, used 2310663K [0x00000006c4000000, 0x000000076c000000, 0x000000076c000000)
  object space 2752512K, 83% used [0x00000006c4000000,0x0000000751081cc8,0x000000076c000000)
 Metaspace       used 2657K, capacity 4564K, committed 4864K, reserved 1056768K
  class space    used 295K, capacity 388K, committed 512K, reserved 1048576K
}
Event: 136.827 GC heap before
{Heap before GC invocations=28 (full 7):
 PSYoungGen      total 976896K, used 973312K [0x000000076c000000, 0x00000007a8280000, 0x00000007c0000000)
  eden space 973312K, 100% used [0x000000076c000000,0x00000007a7680000,0x00000007a7680000)
  from space 3584K, 0% used [0x00000007a7a00000,0x00000007a7a00000,0x00000007a7d80000)
  to   space 3584K, 0% used [0x00000007a7680000,0x00000007a7680000,0x00000007a7a00000)
 ParOldGen       total 2752512K, used 2310663K [0x00000006c4000000, 0x000000076c000000, 0x000000076c000000)
  object space 2752512K, 83% used [0x00000006c4000000,0x0000000751081cc8,0x000000076c000000)
 Metaspace       used 2657K, capacity 4564K, committed 4864K, reserved 1056768K
  class space    used 295K, capacity 388K, committed 512K, reserved 1048576K
Event: 137.377 GC heap after
Heap after GC invocations=28 (full 7):
 PSYoungGen      total 976896K, used 0K [0x000000076c000000, 0x00000007b1d00000, 0x00000007c0000000)
  eden space 973312K, 0% used [0x000000076c000000,0x000000076c000000,0x00000007a7680000)
  from space 3584K, 0% used [0x00000007a7680000,0x00000007a7680000,0x00000007a7a00000)
  to   space 3072K, 0% used [0x00000007b1a00000,0x00000007b1a00000,0x00000007b1d00000)
 ParOldGen       total 2752512K, used 2310663K [0x00000006c4000000, 0x000000076c000000, 0x000000076c000000)
  object space 2752512K, 83% used [0x00000006c4000000,0x0000000751081cc8,0x000000076c000000)
 Metaspace       used 2657K, capacity 4564K, committed 4864K, reserved 1056768K
  class space    used 295K, capacity 388K, committed 512K, reserved 1048576K
}
Event: 137.468 GC heap before
{Heap before GC invocations=29 (full 7):
 PSYoungGen      total 976896K, used 136252K [0x000000076c000000, 0x00000007b1d00000, 0x00000007c0000000)
  eden space 973312K, 13% used [0x000000076c000000,0x000000077450f010,0x00000007a7680000)
  from space 3584K, 0% used [0x00000007a7680000,0x00000007a7680000,0x00000007a7a00000)
  to   space 3072K, 0% used [0x00000007b1a00000,0x00000007b1a00000,0x00000007b1d00000)
 ParOldGen       total 2752512K, used 2310663K [0x00000006c4000000, 0x000000076c000000, 0x000000076c000000)
  object space 2752512K, 83% used [0x00000006c4000000,0x0000000751081cc8,0x000000076c000000)
 Metaspace       used 2657K, capacity 4564K, committed 4864K, reserved 1056768K
  class space    used 295K, capacity 388K, committed 512K, reserved 1048576K
Event: 138.015 GC heap after
Heap after GC invocations=29 (full 7):
 PSYoungGen      total 1140736K, used 32K [0x000000076c000000, 0x00000007b4680000, 0x00000007c0000000)
  eden space 1137664K, 0% used [0x000000076c000000,0x000000076c000000,0x00000007b1700000)
  from space 3072K, 1% used [0x00000007b1a00000,0x00000007b1a08000,0x00000007b1d00000)
  to   space 3072K, 0% used [0x00000007b1700000,0x00000007b1700000,0x00000007b1a00000)
 ParOldGen       total 2752512K, used 2310663K [0x00000006c4000000, 0x000000076c000000, 0x000000076c000000)
  object space 2752512K, 83% used [0x00000006c4000000,0x0000000751081cc8,0x000000076c000000)
 Metaspace       used 2657K, capacity 4564K, committed 4864K, reserved 1056768K
  class space    used 295K, capacity 388K, committed 512K, reserved 1048576K
}
Event: 138.015 GC heap before
{Heap before GC invocations=30 (full 7):
 PSYoungGen      total 1140736K, used 32K [0x000000076c000000, 0x00000007b4680000, 0x00000007c0000000)
  eden space 1137664K, 0% used [0x000000076c000000,0x000000076c000000,0x00000007b1700000)
  from space 3072K, 1% used [0x00000007b1a00000,0x00000007b1a08000,0x00000007b1d00000)
  to   space 3072K, 0% used [0x00000007b1700000,0x00000007b1700000,0x00000007b1a00000)
 ParOldGen       total 2752512K, used 2310663K [0x00000006c4000000, 0x000000076c000000, 0x000000076c000000)
  object space 2752512K, 83% used [0x00000006c4000000,0x0000000751081cc8,0x000000076c000000)
 Metaspace       used 2657K, capacity 4564K, committed 4864K, reserved 1056768K
  class space    used 295K, capacity 388K, committed 512K, reserved 1048576K
Event: 138.559 GC heap after
Heap after GC invocations=30 (full 7):
 PSYoungGen      total 1140736K, used 32K [0x000000076c000000, 0x00000007bff00000, 0x00000007c0000000)
  eden space 1137664K, 0% used [0x000000076c000000,0x000000076c000000,0x00000007b1700000)
  from space 3072K, 1% used [0x00000007b1700000,0x00000007b1708000,0x00000007b1a00000)
  to   space 2560K, 0% used [0x00000007bfc80000,0x00000007bfc80000,0x00000007bff00000)
 ParOldGen       total 2752512K, used 2310663K [0x00000006c4000000, 0x000000076c000000, 0x000000076c000000)
  object space 2752512K, 83% used [0x00000006c4000000,0x0000000751081cc8,0x000000076c000000)
 Metaspace       used 2657K, capacity 4564K, committed 4864K, reserved 1056768K
  class space    used 295K, capacity 388K, committed 512K, reserved 1048576K
}
Event: 138.559 GC heap before
{Heap before GC invocations=31 (full 8):
 PSYoungGen      total 1140736K, used 32K [0x000000076c000000, 0x00000007bff00000, 0x00000007c0000000)
  eden space 1137664K, 0% used [0x000000076c000000,0x000000076c000000,0x00000007b1700000)
  from space 3072K, 1% used [0x00000007b1700000,0x00000007b1708000,0x00000007b1a00000)
  to   space 2560K, 0% used [0x00000007bfc80000,0x00000007bfc80000,0x00000007bff00000)
 ParOldGen       total 2752512K, used 2310663K [0x00000006c4000000, 0x000000076c000000, 0x000000076c000000)
  object space 2752512K, 83% used [0x00000006c4000000,0x0000000751081cc8,0x000000076c000000)
 Metaspace       used 2657K, capacity 4564K, committed 4864K, reserved 1056768K
  class space    used 295K, capacity 388K, committed 512K, reserved 1048576K

